<?xml version="1.0"?>
<messages>
   <message id="51" priority="4" expiration="0" timestamp="1535540987586" type="text" user-id="0a89af90-ab7c-11e8-babc-54ee754ea1b1">
      <properties>
         <property name="__AMQ_CID" value="02269f0d-ab7c-11e8-babc-54ee754ea1b1" type="simple-string"/>
         <property name="_AMQ_ROUTING_TYPE" value="0" type="byte"/>
      </properties>
      <body>
         <![CDATA[TestMessage0]]>
      </body>
   </message>
   <message id="52" priority="4" expiration="0" timestamp="1535540987598" type="text" user-id="0a8b5d41-ab7c-11e8-babc-54ee754ea1b1">
      <properties>
         <property name="__AMQ_CID" value="02269f0d-ab7c-11e8-babc-54ee754ea1b1" type="simple-string"/>
         <property name="_AMQ_ROUTING_TYPE" value="0" type="byte"/>
      </properties>
      <body>
         <![CDATA[TestMessage1]]>
      </body>
   </message>
   <message id="53" priority="4" expiration="0" timestamp="1535540987602" type="text" user-id="0a8bd272-ab7c-11e8-babc-54ee754ea1b1">
      <properties>
         <property name="__AMQ_CID" value="02269f0d-ab7c-11e8-babc-54ee754ea1b1" type="simple-string"/>
         <property name="_AMQ_ROUTING_TYPE" value="0" type="byte"/>
      </properties>
      <body>
         <![CDATA[TestMessage2]]>
      </body>
   </message>
   <message id="54" priority="4" expiration="0" timestamp="1535540987605" type="text" user-id="0a8c47a3-ab7c-11e8-babc-54ee754ea1b1">
      <properties>
         <property name="__AMQ_CID" value="02269f0d-ab7c-11e8-babc-54ee754ea1b1" type="simple-string"/>
         <property name="_AMQ_ROUTING_TYPE" value="0" type="byte"/>
      </properties>
      <body>
         <![CDATA[TestMessage3]]>
      </body>
   </message>
   <message id="55" priority="4" expiration="0" timestamp="1535540987608" type="text" user-id="0a8ce3e4-ab7c-11e8-babc-54ee754ea1b1">
      <properties>
         <property name="__AMQ_CID" value="02269f0d-ab7c-11e8-babc-54ee754ea1b1" type="simple-string"/>
         <property name="_AMQ_ROUTING_TYPE" value="0" type="byte"/>
      </properties>
      <body>
         <![CDATA[TestMessage4]]>
      </body>
   </message>
   <message id="56" priority="4" expiration="0" timestamp="1535540987612" type="text" user-id="0a8d5915-ab7c-11e8-babc-54ee754ea1b1">
      <properties>
         <property name="__AMQ_CID" value="02269f0d-ab7c-11e8-babc-54ee754ea1b1" type="simple-string"/>
         <property name="_AMQ_ROUTING_TYPE" value="0" type="byte"/>
      </properties>
      <body>
         <![CDATA[TestMessage5]]>
      </body>
   </message>
   <message id="57" priority="4" expiration="0" timestamp="1535540987615" type="text" user-id="0a8dce46-ab7c-11e8-babc-54ee754ea1b1">
      <properties>
         <property name="__AMQ_CID" value="02269f0d-ab7c-11e8-babc-54ee754ea1b1" type="simple-string"/>
         <property name="_AMQ_ROUTING_TYPE" value="0" type="byte"/>
      </properties>
      <body>
         <![CDATA[TestMessage6]]>
      </body>
   </message>
   <message id="58" priority="4" expiration="0" timestamp="1535540987619" type="text" user-id="0a8e6a87-ab7c-11e8-babc-54ee754ea1b1">
      <properties>
         <property name="__AMQ_CID" value="02269f0d-ab7c-11e8-babc-54ee754ea1b1" type="simple-string"/>
         <property name="_AMQ_ROUTING_TYPE" value="0" type="byte"/>
      </properties>
      <body>
         <![CDATA[TestMessage7]]>
      </body>
   </message>
   <message id="59" priority="4" expiration="0" timestamp="1535540987622" type="text" user-id="0a8edfb8-ab7c-11e8-babc-54ee754ea1b1">
      <properties>
         <property name="__AMQ_CID" value="02269f0d-ab7c-11e8-babc-54ee754ea1b1" type="simple-string"/>
         <property name="_AMQ_ROUTING_TYPE" value="0" type="byte"/>
      </properties>
      <body>
         <![CDATA[TestMessage8]]>
      </body>
   </message>
   <message id="60" priority="4" expiration="0" timestamp="1535540987625" type="text" user-id="0a8f54e9-ab7c-11e8-babc-54ee754ea1b1">
      <properties>
         <property name="__AMQ_CID" value="02269f0d-ab7c-11e8-babc-54ee754ea1b1" type="simple-string"/>
         <property name="_AMQ_ROUTING_TYPE" value="0" type="byte"/>
      </properties>
      <body>
         <![CDATA[TestMessage9]]>
      </body>
   </message>
</messages>